<?xml version="1.0" encoding="utf-8"?><testsuites name="pytest tests"><testsuite name="pytest" errors="0" failures="0" skipped="1" tests="26" time="13.258" timestamp="2026-04-15T14:15:51.662641+00:00" hostname="agent-env-86da7ce4-2446-4501-a692-a49c238097ed"><testcase classname="backend.tests.test_api.TestHealthAndBasics" name="test_health_check" time="0.239" /><testcase classname="backend.tests.test_api.TestHealthAndBasics" name="test_get_voices" time="0.231" /><testcase classname="backend.tests.test_api.TestHealthAndBasics" name="test_get_sound_effects" time="0.163" /><testcase classname="backend.tests.test_api.TestProjects" name="test_get_projects_empty_or_list" time="0.170" /><testcase classname="backend.tests.test_api.TestProjects" name="test_get_nonexistent_project" time="0.164" /><testcase classname="backend.tests.test_api.TestImageUpload" name="test_upload_image_without_file" time="0.170" /><testcase classname="backend.tests.test_api.TestImageUpload" name="test_upload_face_image_without_file" time="0.130" /><testcase classname="backend.tests.test_api.TestVideoUpload" name="test_upload_video_without_file" time="0.150" /><testcase classname="backend.tests.test_api.TestVideoUpload" name="test_upload_video_with_non_video_file" time="0.175" /><testcase classname="backend.tests.test_api.TestVideoUpload" name="test_upload_video_response_includes_duration" time="0.000"><skipped type="pytest.skip" message="Requires actual video file upload">/app/backend/tests/test_api.py:140: Requires actual video file upload</skipped></testcase><testcase classname="backend.tests.test_api.TestVideoDownload" name="test_download_video_without_url" time="0.172" /><testcase classname="backend.tests.test_api.TestVideoDownload" name="test_download_video_with_invalid_url" time="0.360" /><testcase classname="backend.tests.test_api.TestLipSyncCreation" name="test_create_lipsync_multi_character" time="1.398" /><testcase classname="backend.tests.test_api.TestLipSyncCreation" name="test_create_lipsync_single_character_new_api" time="1.296" /><testcase classname="backend.tests.test_api.TestLipSyncCreation" name="test_create_lipsync_with_sound_effect" time="1.395" /><testcase classname="backend.tests.test_api.TestLipSyncCreation" name="test_create_lipsync_missing_image_urls" time="0.108" /><testcase classname="backend.tests.test_api.TestLipSyncCreation" name="test_create_lipsync_missing_dialogue_lines" time="0.140" /><testcase classname="backend.tests.test_api.TestFaceSwapCreation" name="test_create_faceswap_with_single_face" time="1.400" /><testcase classname="backend.tests.test_api.TestFaceSwapCreation" name="test_create_faceswap_with_video_trimming" time="1.341" /><testcase classname="backend.tests.test_api.TestFaceSwapCreation" name="test_create_faceswap_with_multiple_faces" time="1.358" /><testcase classname="backend.tests.test_api.TestFaceSwapCreation" name="test_create_faceswap_with_trimming_and_multiple_faces" time="1.458" /><testcase classname="backend.tests.test_api.TestFaceSwapCreation" name="test_create_faceswap_missing_source_images" time="0.117" /><testcase classname="backend.tests.test_api.TestFaceSwapCreation" name="test_create_faceswap_missing_target_video" time="0.170" /><testcase classname="backend.tests.test_api.TestFaceSwapCreation" name="test_create_faceswap_empty_source_images" time="0.152" /><testcase classname="backend.tests.test_api.TestProjectDeletion" name="test_delete_project" time="0.519" /><testcase classname="backend.tests.test_api.TestProjectDeletion" name="test_delete_nonexistent_project" time="0.142" /></testsuite></testsuites>